<?xml version="1.0" encoding="UTF-8" ?>
<testsuite errors="0" failures="0" hostname="wifi-roaming-128-4-108-130.host.udel.edu" name="edu.udel.cis.taschd.skill.SkillSetTest" skipped="0" tests="7" time="0.066" timestamp="2018-12-07T19:56:51">
  <properties>
    <property name="java.vendor" value="Oracle Corporation" />
    <property name="websocket-common-9.4.12.v20180830.jar" value="/Users/sumeetgupta/Desktop/SE/Practicals/taschd/lib/websocket-common-9.4.12.v20180830.jar" />
    <property name="httpclient-4.5.6.jar" value="/Users/sumeetgupta/Desktop/SE/Practicals/taschd/lib/httpclient-4.5.6.jar" />
    <property name="sun.java.launcher" value="SUN_STANDARD" />
    <property name="sun.management.compiler" value="HotSpot 64-Bit Tiered Compilers" />
    <property name="ant.file.type.taschd" value="file" />
    <property name="serializer-2.7.2.jar" value="/Users/sumeetgupta/Desktop/SE/Practicals/taschd/lib/serializer-2.7.2.jar" />
    <property name="os.name" value="Mac OS X" />
    <property name="htmlunit-cssparser-1.2.0.jar" value="/Users/sumeetgupta/Desktop/SE/Practicals/taschd/lib/htmlunit-cssparser-1.2.0.jar" />
    <property name="json-simple-1.1.1.jar" value="/Users/sumeetgupta/Desktop/SE/Practicals/taschd/lib/json-simple-1.1.1.jar" />
    <property name="sun.boot.class.path" value="/Library/Java/JavaVirtualMachines/jdk1.8.0_152.jdk/Contents/Home/jre/lib/resources.jar:/Library/Java/JavaVirtualMachines/jdk1.8.0_152.jdk/Contents/Home/jre/lib/rt.jar:/Library/Java/JavaVirtualMachines/jdk1.8.0_152.jdk/Contents/Home/jre/lib/sunrsasign.jar:/Library/Java/JavaVirtualMachines/jdk1.8.0_152.jdk/Contents/Home/jre/lib/jsse.jar:/Library/Java/JavaVirtualMachines/jdk1.8.0_152.jdk/Contents/Home/jre/lib/jce.jar:/Library/Java/JavaVirtualMachines/jdk1.8.0_152.jdk/Contents/Home/jre/lib/charsets.jar:/Library/Java/JavaVirtualMachines/jdk1.8.0_152.jdk/Contents/Home/jre/lib/jfr.jar:/Library/Java/JavaVirtualMachines/jdk1.8.0_152.jdk/Contents/Home/jre/classes" />
    <property name="xml-apis-1.4.01.jar" value="/Users/sumeetgupta/Desktop/SE/Practicals/taschd/lib/xml-apis-1.4.01.jar" />
    <property name="java.vm.specification.vendor" value="Oracle Corporation" />
    <property name="ant.home" value="/Users/sumeetgupta/Documents/apache-ant-1.10.5" />
    <property name="java.runtime.version" value="1.8.0_152-b16" />
    <property name="xercesImpl-2.12.0.jar" value="/Users/sumeetgupta/Desktop/SE/Practicals/taschd/lib/xercesImpl-2.12.0.jar" />
    <property name="user.name" value="sumeetgupta" />
    <property name="jetty-client-9.4.12.v20180830.jar" value="/Users/sumeetgupta/Desktop/SE/Practicals/taschd/lib/jetty-client-9.4.12.v20180830.jar" />
    <property name="org.hamcrest.core-1.3.0.jar" value="/Users/sumeetgupta/Desktop/SE/Practicals/taschd/lib/org.hamcrest.core-1.3.0.jar" />
    <property name="user.language" value="en" />
    <property name="jackson-annotations-2.9.7.jar" value="/Users/sumeetgupta/Desktop/SE/Practicals/taschd/lib/jackson-annotations-2.9.7.jar" />
    <property name="jetty-xml-9.4.12.v20180830.jar" value="/Users/sumeetgupta/Desktop/SE/Practicals/taschd/lib/jetty-xml-9.4.12.v20180830.jar" />
    <property name="sun.boot.library.path" value="/Library/Java/JavaVirtualMachines/jdk1.8.0_152.jdk/Contents/Home/jre/lib" />
    <property name="guava-23.0.jar" value="/Users/sumeetgupta/Desktop/SE/Practicals/taschd/lib/guava-23.0.jar" />
    <property name="ant.project.default-target" value="jar" />
    <property name="ant.project.name" value="taschd" />
    <property name="commons-lang3-3.8.jar" value="/Users/sumeetgupta/Desktop/SE/Practicals/taschd/lib/commons-lang3-3.8.jar" />
    <property name="java.version" value="1.8.0_152" />
    <property name="user.timezone" value="" />
    <property name="jetty-io-9.4.12.v20180830.jar" value="/Users/sumeetgupta/Desktop/SE/Practicals/taschd/lib/jetty-io-9.4.12.v20180830.jar" />
    <property name="sun.arch.data.model" value="64" />
    <property name="test.src.dir" value="/Users/sumeetgupta/Desktop/SE/Practicals/taschd/test" />
    <property name="http.nonProxyHosts" value="local|*.local|169.254/16|*.169.254/16" />
    <property name="java.endorsed.dirs" value="/Library/Java/JavaVirtualMachines/jdk1.8.0_152.jdk/Contents/Home/jre/lib/endorsed" />
    <property name="sun.cpu.isalist" value="" />
    <property name="sun.jnu.encoding" value="UTF-8" />
    <property name="file.encoding.pkg" value="sun.io" />
    <property name="neko-htmlunit-2.33.jar" value="/Users/sumeetgupta/Desktop/SE/Practicals/taschd/lib/neko-htmlunit-2.33.jar" />
    <property name="file.separator" value="/" />
    <property name="jackson-databind-2.9.7.jar" value="/Users/sumeetgupta/Desktop/SE/Practicals/taschd/lib/jackson-databind-2.9.7.jar" />
    <property name="java.specification.name" value="Java Platform API Specification" />
    <property name="httpcore-4.4.10.jar" value="/Users/sumeetgupta/Desktop/SE/Practicals/taschd/lib/httpcore-4.4.10.jar" />
    <property name="java.class.version" value="52.0" />
    <property name="user.country" value="US" />
    <property name="java.home" value="/Library/Java/JavaVirtualMachines/jdk1.8.0_152.jdk/Contents/Home/jre" />
    <property name="java.vm.info" value="mixed mode" />
    <property name="main-class" value="edu.udel.cis.taschd.userinterface.UserInterface" />
    <property name="ant.file" value="/Users/sumeetgupta/Desktop/SE/Practicals/taschd/build.xml" />
    <property name="os.version" value="10.12.6" />
    <property name="path.separator" value=":" />
    <property name="java.vm.version" value="25.152-b16" />
    <property name="htmlunit-core-js-2.33.jar" value="/Users/sumeetgupta/Desktop/SE/Practicals/taschd/lib/htmlunit-core-js-2.33.jar" />
    <property name="commons-net-3.6.jar" value="/Users/sumeetgupta/Desktop/SE/Practicals/taschd/lib/commons-net-3.6.jar" />
    <property name="ant.library.dir" value="/Users/sumeetgupta/Documents/apache-ant-1.10.5/lib" />
    <property name="javax.json-1.1.jar" value="/Users/sumeetgupta/Desktop/SE/Practicals/taschd/lib/javax.json-1.1.jar" />
    <property name="java.awt.printerjob" value="sun.lwawt.macosx.CPrinterJob" />
    <property name="sun.io.unicode.encoding" value="UnicodeBig" />
    <property name="awt.toolkit" value="sun.lwawt.macosx.LWCToolkit" />
    <property name="_jacoco.agentFile" value="/var/folders/ll/zfb7cv4d5_34hs01y05kq6b40000gn/T/jacocoagent5776982731079610852.jar" />
    <property name="socksNonProxyHosts" value="local|*.local|169.254/16|*.169.254/16" />
    <property name="commons-logging-1.2.jar" value="/Users/sumeetgupta/Desktop/SE/Practicals/taschd/lib/commons-logging-1.2.jar" />
    <property name="ftp.nonProxyHosts" value="local|*.local|169.254/16|*.169.254/16" />
    <property name="httpmime-4.5.6.jar" value="/Users/sumeetgupta/Desktop/SE/Practicals/taschd/lib/httpmime-4.5.6.jar" />
    <property name="coverage.report.dir" value="/Users/sumeetgupta/Desktop/SE/Practicals/taschd/coverage" />
    <property name="user.home" value="/Users/sumeetgupta" />
    <property name="java.specification.vendor" value="Oracle Corporation" />
    <property name="junit.dir" value="/Users/sumeetgupta/Desktop/SE/Practicals/taschd/junit" />
    <property name="java.library.path" value="/Users/sumeetgupta/Library/Java/Extensions:/Library/Java/Extensions:/Network/Library/Java/Extensions:/System/Library/Java/Extensions:/usr/lib/java:." />
    <property name="java.vendor.url" value="http://java.oracle.com/" />
    <property name="commons-text-1.4.jar" value="/Users/sumeetgupta/Desktop/SE/Practicals/taschd/lib/commons-text-1.4.jar" />
    <property name="gopherProxySet" value="false" />
    <property name="java.vm.vendor" value="Oracle Corporation" />
    <property name="bin.dir" value="/Users/sumeetgupta/Desktop/SE/Practicals/taschd/bin" />
    <property name="commons-io-2.6.jar" value="/Users/sumeetgupta/Desktop/SE/Practicals/taschd/lib/commons-io-2.6.jar" />
    <property name="htmlunit-2.33.jar" value="/Users/sumeetgupta/Desktop/SE/Practicals/taschd/lib/htmlunit-2.33.jar" />
    <property name="java.runtime.name" value="Java(TM) SE Runtime Environment" />
    <property name="ant.version" value="Apache Ant(TM) version 1.10.5 compiled on July 10 2018" />
    <property name="java.class.path" value="/Users/sumeetgupta/Desktop/SE/Practicals/taschd/lib/junit.jar:/Users/sumeetgupta/Desktop/SE/Practicals/taschd/lib/org.hamcrest.core-1.3.0.jar:/Users/sumeetgupta/Desktop/SE/Practicals/taschd/bin:/Users/sumeetgupta/Desktop/SE/Practicals/taschd/bin-test:/Users/sumeetgupta/Desktop/SE/Practicals/taschd/lib/commons-codec-1.10.jar:/Users/sumeetgupta/Desktop/SE/Practicals/taschd/lib/commons-io-2.6.jar:/Users/sumeetgupta/Desktop/SE/Practicals/taschd/lib/commons-lang3-3.8.jar:/Users/sumeetgupta/Desktop/SE/Practicals/taschd/lib/commons-logging-1.2.jar:/Users/sumeetgupta/Desktop/SE/Practicals/taschd/lib/commons-net-3.6.jar:/Users/sumeetgupta/Desktop/SE/Practicals/taschd/lib/commons-text-1.4.jar:/Users/sumeetgupta/Desktop/SE/Practicals/taschd/lib/htmlunit-2.33.jar:/Users/sumeetgupta/Desktop/SE/Practicals/taschd/lib/htmlunit-core-js-2.33.jar:/Users/sumeetgupta/Desktop/SE/Practicals/taschd/lib/htmlunit-cssparser-1.2.0.jar:/Users/sumeetgupta/Desktop/SE/Practicals/taschd/lib/httpclient-4.5.6.jar:/Users/sumeetgupta/Desktop/SE/Practicals/taschd/lib/httpcore-4.4.10.jar:/Users/sumeetgupta/Desktop/SE/Practicals/taschd/lib/httpmime-4.5.6.jar:/Users/sumeetgupta/Desktop/SE/Practicals/taschd/lib/javax.json-1.1.jar:/Users/sumeetgupta/Desktop/SE/Practicals/taschd/lib/jetty-client-9.4.12.v20180830.jar:/Users/sumeetgupta/Desktop/SE/Practicals/taschd/lib/jetty-http-9.4.12.v20180830.jar:/Users/sumeetgupta/Desktop/SE/Practicals/taschd/lib/jetty-io-9.4.12.v20180830.jar:/Users/sumeetgupta/Desktop/SE/Practicals/taschd/lib/jetty-util-9.4.12.v20180830.jar:/Users/sumeetgupta/Desktop/SE/Practicals/taschd/lib/jetty-xml-9.4.12.v20180830.jar:/Users/sumeetgupta/Desktop/SE/Practicals/taschd/lib/json-simple-1.1.1.jar:/Users/sumeetgupta/Desktop/SE/Practicals/taschd/lib/neko-htmlunit-2.33.jar:/Users/sumeetgupta/Desktop/SE/Practicals/taschd/lib/serializer-2.7.2.jar:/Users/sumeetgupta/Desktop/SE/Practicals/taschd/lib/websocket-api-9.4.12.v20180830.jar:/Users/sumeetgupta/Desktop/SE/Practicals/taschd/lib/websocket-client-9.4.12.v20180830.jar:/Users/sumeetgupta/Desktop/SE/Practicals/taschd/lib/websocket-common-9.4.12.v20180830.jar:/Users/sumeetgupta/Desktop/SE/Practicals/taschd/lib/xalan-2.7.2.jar:/Users/sumeetgupta/Desktop/SE/Practicals/taschd/lib/xercesImpl-2.12.0.jar:/Users/sumeetgupta/Desktop/SE/Practicals/taschd/lib/xml-apis-1.4.01.jar:/Users/sumeetgupta/Desktop/SE/Practicals/taschd/lib/guava-23.0.jar:/Users/sumeetgupta/Desktop/SE/Practicals/taschd/lib/jackson-core-2.9.7.jar:/Users/sumeetgupta/Desktop/SE/Practicals/taschd/lib/jackson-databind-2.9.7.jar:/Users/sumeetgupta/Desktop/SE/Practicals/taschd/lib/jackson-annotations-2.9.7.jar:/Users/sumeetgupta/Documents/apache-ant-1.10.5/lib/ant-launcher.jar:/Users/sumeetgupta/Documents/apache-ant-1.10.5/lib/ant.jar:/Users/sumeetgupta/Documents/apache-ant-1.10.5/lib/ant-junit.jar:/Users/sumeetgupta/Documents/apache-ant-1.10.5/lib/ant-junit4.jar:/var/folders/ll/zfb7cv4d5_34hs01y05kq6b40000gn/T/jacocoagent5776982731079610852.jar" />
    <property name="sun.java.command" value="org.apache.tools.ant.taskdefs.optional.junit.JUnitTestRunner testsfile=/Users/sumeetgupta/Desktop/SE/Practicals/taschd/junittestcases1178532009182673754.properties skipNonTests=false filtertrace=true haltOnError=false haltOnFailure=false showoutput=false outputtoformatters=true logfailedtests=true threadid=0 logtestlistenerevents=false formatter=org.apache.tools.ant.taskdefs.optional.junit.BriefJUnitResultFormatter formatter=org.apache.tools.ant.taskdefs.optional.junit.XMLJUnitResultFormatter,/Users/sumeetgupta/Desktop/SE/Practicals/taschd/junit/data/IGNORETHIS.xml crashfile=/Users/sumeetgupta/Desktop/SE/Practicals/taschd/junitvmwatcher4563043732842867198.properties propsfile=/Users/sumeetgupta/Desktop/SE/Practicals/taschd/junit1662440929255045707.properties" />
    <property name="xalan-2.7.2.jar" value="/Users/sumeetgupta/Desktop/SE/Practicals/taschd/lib/xalan-2.7.2.jar" />
    <property name="java.vm.specification.name" value="Java Virtual Machine Specification" />
    <property name="websocket-api-9.4.12.v20180830.jar" value="/Users/sumeetgupta/Desktop/SE/Practicals/taschd/lib/websocket-api-9.4.12.v20180830.jar" />
    <property name="websocket-client-9.4.12.v20180830.jar" value="/Users/sumeetgupta/Desktop/SE/Practicals/taschd/lib/websocket-client-9.4.12.v20180830.jar" />
    <property name="ant.file.type" value="file" />
    <property name="java.vm.specification.version" value="1.8" />
    <property name="junit.jar" value="/Users/sumeetgupta/Desktop/SE/Practicals/taschd/lib/junit.jar" />
    <property name="sun.os.patch.level" value="unknown" />
    <property name="sun.cpu.endian" value="little" />
    <property name="junit.reports.dir" value="/Users/sumeetgupta/Desktop/SE/Practicals/taschd/junit/reports" />
    <property name="ant.file.taschd" value="/Users/sumeetgupta/Desktop/SE/Practicals/taschd/build.xml" />
    <property name="java.io.tmpdir" value="/var/folders/ll/zfb7cv4d5_34hs01y05kq6b40000gn/T/" />
    <property name="java.vendor.url.bug" value="http://bugreport.sun.com/bugreport/" />
    <property name="java.awt.graphicsenv" value="sun.awt.CGraphicsEnvironment" />
    <property name="os.arch" value="x86_64" />
    <property name="java.ext.dirs" value="/Users/sumeetgupta/Library/Java/Extensions:/Library/Java/JavaVirtualMachines/jdk1.8.0_152.jdk/Contents/Home/jre/lib/ext:/Library/Java/Extensions:/Network/Library/Java/Extensions:/System/Library/Java/Extensions:/usr/lib/java" />
    <property name="user.dir" value="/Users/sumeetgupta/Desktop/SE/Practicals/taschd" />
    <property name="commons-codec-1.10.jar" value="/Users/sumeetgupta/Desktop/SE/Practicals/taschd/lib/commons-codec-1.10.jar" />
    <property name="line.separator" value="&#xa;" />
    <property name="java.vm.name" value="Java HotSpot(TM) 64-Bit Server VM" />
    <property name="test.bin.dir" value="/Users/sumeetgupta/Desktop/SE/Practicals/taschd/bin-test" />
    <property name="junit.data.dir" value="/Users/sumeetgupta/Desktop/SE/Practicals/taschd/junit/data" />
    <property name="basedir" value="/Users/sumeetgupta/Desktop/SE/Practicals/taschd" />
    <property name="ant.java.version" value="1.8" />
    <property name="ant.core.lib" value="/Users/sumeetgupta/Documents/apache-ant-1.10.5/lib/ant.jar" />
    <property name="jetty-http-9.4.12.v20180830.jar" value="/Users/sumeetgupta/Desktop/SE/Practicals/taschd/lib/jetty-http-9.4.12.v20180830.jar" />
    <property name="file.encoding" value="UTF-8" />
    <property name="jetty-util-9.4.12.v20180830.jar" value="/Users/sumeetgupta/Desktop/SE/Practicals/taschd/lib/jetty-util-9.4.12.v20180830.jar" />
    <property name="jackson-core-2.9.7.jar" value="/Users/sumeetgupta/Desktop/SE/Practicals/taschd/lib/jackson-core-2.9.7.jar" />
    <property name="coverage.exec.file" value="/Users/sumeetgupta/Desktop/SE/Practicals/taschd/coverage/jacoco.exec" />
    <property name="java.specification.version" value="1.8" />
    <property name="src.dir" value="/Users/sumeetgupta/Desktop/SE/Practicals/taschd/src" />
    <property name="ant.project.invoked-targets" value="all" />
    <property name="javadoc.dir" value="/Users/sumeetgupta/Desktop/SE/Practicals/taschd/doc/javadoc" />
    <property name="jar-path" value="/Users/sumeetgupta/Desktop/SE/Practicals/taschd/taschd.jar" />
  </properties>
  <testcase classname="edu.udel.cis.taschd.skill.SkillSetTest" name="test1" time="0.0" />
  <testcase classname="edu.udel.cis.taschd.skill.SkillSetTest" name="test2" time="0.0" />
  <testcase classname="edu.udel.cis.taschd.skill.SkillSetTest" name="test3" time="0.0" />
  <testcase classname="edu.udel.cis.taschd.skill.SkillSetTest" name="test4" time="0.0" />
  <testcase classname="edu.udel.cis.taschd.skill.SkillSetTest" name="test5" time="0.0" />
  <testcase classname="edu.udel.cis.taschd.skill.SkillSetTest" name="test6" time="0.0" />
  <testcase classname="edu.udel.cis.taschd.skill.SkillSetTest" name="test7" time="0.0" />
  <system-out><![CDATA[]]></system-out>
  <system-err><![CDATA[]]></system-err>
</testsuite>
